  ProtoContext.cpp
d:\dev\protobyte_0.1.6_quark\protobyte\protoinclude\protolight.h(93): warning C4305: '=': truncation from 'double' to 'float'
  ProtoBaseApp.cpp
d:\dev\protobyte_0.1.6_quark\protobyte\otherlibs\poly2tri\include\sweep\sweep_context.h(161): warning C4267: 'return': conversion from 'size_t' to 'int', possible loss of data
d:\dev\protobyte_0.1.6_quark\protobyte\protoinclude\protobaseapp.h(18): warning C4067: unexpected tokens following preprocessor directive - expected a newline
d:\dev\protobyte_0.1.6_quark\protobyte\protoinclude\protolight.h(93): warning C4305: '=': truncation from 'double' to 'float'
d:\dev\protobyte_0.1.6_quark\protobyte\protoinclude\protodimension3.h(28): warning C4067: unexpected tokens following preprocessor directive - expected a newline
d:\dev\protobyte_0.1.6_quark\protobyte\protoinclude\protoshape3.h(50): warning C4005: 'GetCurrentDir': macro redefinition
  d:\dev\protobyte_0.1.6_quark\protobyte\protoinclude\protoutility.h(62): note: see previous definition of 'GetCurrentDir'
d:\dev\protobyte_0.1.6_quark\protobyte\protoinclude\prototoroid.h(62): warning C4305: 'initializing': truncation from 'double' to 'float'
d:\dev\protobyte_0.1.6_quark\protobyte\protoinclude\protocephalopod.h(128): warning C4244: 'return': conversion from 'time_t' to 'long', possible loss of data
d:\dev\protobyte_0.1.6_quark\protobyte\protoinclude\protobaseapp.h(485): warning C4244: '=': conversion from 'float' to 'int', possible loss of data
d:\dev\protobyte_0.1.6_quark\protobyte\protosrc\protobaseapp.cpp(39): warning C4244: 'argument': conversion from 'int' to 'float', possible loss of data
d:\dev\protobyte_0.1.6_quark\protobyte\protosrc\protobaseapp.cpp(67): warning C4305: 'initializing': truncation from 'double' to 'float'
d:\dev\protobyte_0.1.6_quark\protobyte\protosrc\protobaseapp.cpp(252): warning C4244: '+=': conversion from 'double' to 'float', possible loss of data
d:\dev\protobyte_0.1.6_quark\protobyte\protosrc\protobaseapp.cpp(264): warning C4267: 'initializing': conversion from 'size_t' to 'int', possible loss of data
d:\dev\protobyte_0.1.6_quark\protobyte\protosrc\protobaseapp.cpp(308): warning C4244: '+=': conversion from 'double' to 'float', possible loss of data
d:\dev\protobyte_0.1.6_quark\protobyte\protosrc\protobaseapp.cpp(320): warning C4267: 'initializing': conversion from 'size_t' to 'int', possible loss of data
d:\dev\protobyte_0.1.6_quark\protobyte\protosrc\protobaseapp.cpp(419): warning C4244: 'argument': conversion from 'double' to 'float', possible loss of data
d:\dev\protobyte_0.1.6_quark\protobyte\protosrc\protobaseapp.cpp(420): warning C4244: 'argument': conversion from 'double' to 'float', possible loss of data
d:\dev\protobyte_0.1.6_quark\protobyte\protosrc\protobaseapp.cpp(421): warning C4244: 'argument': conversion from 'double' to 'float', possible loss of data
d:\dev\protobyte_0.1.6_quark\protobyte\protosrc\protobaseapp.cpp(424): warning C4244: 'argument': conversion from 'double' to 'float', possible loss of data
d:\dev\protobyte_0.1.6_quark\protobyte\protosrc\protobaseapp.cpp(425): warning C4244: 'argument': conversion from 'double' to 'float', possible loss of data
d:\dev\protobyte_0.1.6_quark\protobyte\protosrc\protobaseapp.cpp(426): warning C4244: 'argument': conversion from 'double' to 'float', possible loss of data
d:\dev\protobyte_0.1.6_quark\protobyte\protosrc\protobaseapp.cpp(427): warning C4244: 'argument': conversion from 'double' to 'float', possible loss of data
d:\dev\protobyte_0.1.6_quark\protobyte\protosrc\protobaseapp.cpp(431): warning C4244: 'argument': conversion from 'double' to 'float', possible loss of data
d:\dev\protobyte_0.1.6_quark\protobyte\protosrc\protobaseapp.cpp(432): warning C4244: 'argument': conversion from 'double' to 'float', possible loss of data
d:\dev\protobyte_0.1.6_quark\protobyte\protosrc\protobaseapp.cpp(433): warning C4244: 'argument': conversion from 'double' to 'float', possible loss of data
d:\dev\protobyte_0.1.6_quark\protobyte\protosrc\protobaseapp.cpp(436): warning C4244: 'argument': conversion from 'double' to 'float', possible loss of data
d:\dev\protobyte_0.1.6_quark\protobyte\protosrc\protobaseapp.cpp(438): warning C4244: 'argument': conversion from 'double' to 'float', possible loss of data
d:\dev\protobyte_0.1.6_quark\protobyte\protosrc\protobaseapp.cpp(439): warning C4244: 'argument': conversion from 'double' to 'float', possible loss of data
d:\dev\protobyte_0.1.6_quark\protobyte\protosrc\protobaseapp.cpp(442): warning C4244: 'argument': conversion from 'double' to 'float', possible loss of data
d:\dev\protobyte_0.1.6_quark\protobyte\protosrc\protobaseapp.cpp(443): warning C4244: 'argument': conversion from 'double' to 'float', possible loss of data
d:\dev\protobyte_0.1.6_quark\protobyte\protosrc\protobaseapp.cpp(444): warning C4244: 'argument': conversion from 'double' to 'float', possible loss of data
d:\dev\protobyte_0.1.6_quark\protobyte\protosrc\protobaseapp.cpp(449): warning C4244: 'argument': conversion from 'double' to 'float', possible loss of data
d:\dev\protobyte_0.1.6_quark\protobyte\protosrc\protobaseapp.cpp(450): warning C4244: 'argument': conversion from 'double' to 'float', possible loss of data
d:\dev\protobyte_0.1.6_quark\protobyte\protosrc\protobaseapp.cpp(451): warning C4244: 'argument': conversion from 'double' to 'float', possible loss of data
d:\dev\protobyte_0.1.6_quark\protobyte\protosrc\protobaseapp.cpp(709): warning C4305: 'initializing': truncation from 'double' to 'float'
d:\dev\protobyte_0.1.6_quark\protobyte\protosrc\protobaseapp.cpp(728): warning C4305: 'argument': truncation from 'double' to 'GLfloat'
d:\dev\protobyte_0.1.6_quark\protobyte\protosrc\protobaseapp.cpp(779): warning C4305: '=': truncation from 'double' to 'float'
d:\dev\protobyte_0.1.6_quark\protobyte\protosrc\protobaseapp.cpp(799): warning C4305: 'initializing': truncation from 'double' to 'float'
d:\dev\protobyte_0.1.6_quark\protobyte\protosrc\protobaseapp.cpp(848): warning C4244: 'argument': conversion from 'double' to 'float', possible loss of data
d:\dev\protobyte_0.1.6_quark\protobyte\protosrc\protobaseapp.cpp(849): warning C4244: 'argument': conversion from 'double' to 'float', possible loss of data
d:\dev\protobyte_0.1.6_quark\protobyte\protosrc\protobaseapp.cpp(1425): warning C4244: 'argument': conversion from 'double' to 'float', possible loss of data
d:\dev\protobyte_0.1.6_quark\protobyte\protosrc\protobaseapp.cpp(1426): warning C4244: 'argument': conversion from 'double' to 'float', possible loss of data
d:\dev\protobyte_0.1.6_quark\protobyte\protosrc\protobaseapp.cpp(1432): warning C4244: '+=': conversion from 'double' to 'float', possible loss of data
d:\dev\protobyte_0.1.6_quark\protobyte\protosrc\protobaseapp.cpp(1447): warning C4267: 'initializing': conversion from 'size_t' to 'int', possible loss of data
d:\dev\protobyte_0.1.6_quark\protobyte\protosrc\protobaseapp.cpp(1451): warning C4267: 'argument': conversion from 'size_t' to 'GLsizei', possible loss of data
d:\dev\protobyte_0.1.6_quark\protobyte\protosrc\protobaseapp.cpp(1469): warning C4267: 'initializing': conversion from 'size_t' to 'int', possible loss of data
d:\dev\protobyte_0.1.6_quark\protobyte\protosrc\protobaseapp.cpp(1474): warning C4267: 'argument': conversion from 'size_t' to 'GLsizei', possible loss of data
d:\dev\protobyte_0.1.6_quark\protobyte\protosrc\protobaseapp.cpp(1576): warning C4244: '+=': conversion from 'double' to 'float', possible loss of data
d:\dev\protobyte_0.1.6_quark\protobyte\protosrc\protobaseapp.cpp(1591): warning C4244: 'initializing': conversion from 'double' to 'float', possible loss of data
d:\dev\protobyte_0.1.6_quark\protobyte\protosrc\protobaseapp.cpp(1592): warning C4244: 'initializing': conversion from 'double' to 'float', possible loss of data
d:\dev\protobyte_0.1.6_quark\protobyte\protosrc\protobaseapp.cpp(1615): warning C4267: 'initializing': conversion from 'size_t' to 'int', possible loss of data
d:\dev\protobyte_0.1.6_quark\protobyte\protosrc\protobaseapp.cpp(1619): warning C4267: 'argument': conversion from 'size_t' to 'GLsizei', possible loss of data
d:\dev\protobyte_0.1.6_quark\protobyte\protosrc\protobaseapp.cpp(1637): warning C4267: 'initializing': conversion from 'size_t' to 'int', possible loss of data
d:\dev\protobyte_0.1.6_quark\protobyte\protosrc\protobaseapp.cpp(1642): warning C4267: 'argument': conversion from 'size_t' to 'GLsizei', possible loss of data
d:\dev\protobyte_0.1.6_quark\protobyte\protosrc\protobaseapp.cpp(1759): warning C4244: 'initializing': conversion from 'double' to 'float', possible loss of data
d:\dev\protobyte_0.1.6_quark\protobyte\protosrc\protobaseapp.cpp(1902): warning C4244: 'argument': conversion from 'double' to 'float', possible loss of data
d:\dev\protobyte_0.1.6_quark\protobyte\protosrc\protobaseapp.cpp(1915): warning C4267: 'initializing': conversion from 'size_t' to 'int', possible loss of data
d:\dev\protobyte_0.1.6_quark\protobyte\protosrc\protobaseapp.cpp(1920): warning C4267: 'argument': conversion from 'size_t' to 'GLsizei', possible loss of data
d:\dev\protobyte_0.1.6_quark\protobyte\protosrc\protobaseapp.cpp(1926): warning C4267: 'initializing': conversion from 'size_t' to 'int', possible loss of data
d:\dev\protobyte_0.1.6_quark\protobyte\protosrc\protobaseapp.cpp(1935): warning C4267: 'argument': conversion from 'size_t' to 'GLsizei', possible loss of data
d:\dev\protobyte_0.1.6_quark\protobyte\protosrc\protobaseapp.cpp(1940): warning C4267: 'argument': conversion from 'size_t' to 'GLsizei', possible loss of data
d:\dev\protobyte_0.1.6_quark\protobyte\protosrc\protobaseapp.cpp(1951): warning C4267: 'argument': conversion from 'size_t' to 'GLsizei', possible loss of data
d:\dev\protobyte_0.1.6_quark\protobyte\protosrc\protobaseapp.cpp(1955): warning C4267: 'argument': conversion from 'size_t' to 'GLsizei', possible loss of data
d:\dev\protobyte_0.1.6_quark\protobyte\protosrc\protobaseapp.cpp(1959): warning C4267: 'argument': conversion from 'size_t' to 'GLsizei', possible loss of data
d:\dev\protobyte_0.1.6_quark\protobyte\protosrc\protobaseapp.cpp(1963): warning C4267: 'argument': conversion from 'size_t' to 'GLsizei', possible loss of data
d:\dev\protobyte_0.1.6_quark\protobyte\protosrc\protobaseapp.cpp(2500): warning C4101: 'gl_texID': unreferenced local variable
  Generating Code...
d:\dev\protobyte_0.1.6_quark\protobyte\protoinclude\protocontext.h(379): warning C4172: returning address of local variable or temporary
  Tendrils01.vcxproj -> D:\Dev\Protobyte_0.1.6_quark\Protobyte\Projects\Tendrils01\x64\Debug\Tendrils01.exe
  Tendrils01.vcxproj -> D:\Dev\Protobyte_0.1.6_quark\Protobyte\Projects\Tendrils01\x64\Debug\Tendrils01.pdb (Partial PDB)
